<?xml version="1.0" encoding="UTF-8"?>
<testsuite name="junit2.AccountDaoTest" tests="1" skipped="0" failures="0" errors="0" timestamp="2020-06-29T13:13:37" hostname="DESKTOP-LIU4O4S" time="0.133">
  <properties/>
  <testcase name="insertTable()" classname="junit2.AccountDaoTest" time="0.133"/>
  <system-out><![CDATA[]]></system-out>
  <system-err><![CDATA[]]></system-err>
</testsuite>
